所有键:
dimension_metadata_166
financial_tmp_QA_dict_848
financial_tmp_QA_dict_363
dimension_metadata_514
sale_tmp_QA_dict_71
financial_tmp_QA_dict_690
financial_tmp_QA_dict_276
financial_tmp_QA_dict_338
financial_tmp_QA_dict_1171
financial_tmp_QA_dict_822
financial_tmp_QA_dict_544
financial_tmp_QA_dict_1239
financial_tmp_QA_dict_432
financial_tmp_QA_dict_1074
dimension_metadata_208
financial_tmp_QA_dict_977
dimension_metadata_456
financial_tmp_QA_dict_449
financial_tmp_QA_dict_1246
financial_tmp_QA_dict_1406
financial_tmp_QA_dict_779
financial_tmp_QA_dict_1316
dimension_metadata_249
financial_tmp_QA_list_50
financial_tmp_QA_dict_1494
financial_tmp_QA_dict_1032
financial_tmp_QA_dict_314
sale_tmp_QA_dict_7
dimension_metadata_279
sale_tmp_QA_dict_48
financial_tmp_QA_dict_1187
financial_tmp_QA_dict_1056
financial_tmp_QA_dict_1222
financial_tmp_QA_dict_585
financial_tmp_QA_dict_881
financial_tmp_QA_dict_823
financial_tmp_QA_dict_1443
dimension_metadata_48
financial_tmp_QA_dict_524
financial_tmp_QA_dict_708
dimension_metadata_289
financial_tmp_QA_dict_541
dimension_metadata_227
dimension_metadata_250
financial_tmp_QA_dict_1299
financial_tmp_QA_dict_1370
financial_tmp_QA_dict_208
financial_tmp_QA_dict_1040
dimension_metadata_182
dimension_metadata_564
dimension_metadata_559
financial_tmp_QA_dict_93
sale_tmp_QA_dict_28
dimension_metadata_504
financial_tmp_QA_dict_341
sale_tmp_QA_dict_44
financial_tmp_QA_dict_278
financial_tmp_QA_dict_692
financial_tmp_QA_dict_637
financial_tmp_QA_dict_1544
financial_tmp_QA_dict_629
financial_tmp_QA_dict_1357
financial_tmp_replacing_46
financial_tmp_QA_dict_167
dimension_metadata_272
financial_tmp_QA_dict_430
financial_tmp_QA_dict_401
financial_tmp_replacing_28
financial_tmp_QA_dict_295
financial_tmp_QA_dict_1322
dimension_metadata_224
financial_tmp_QA_dict_42
financial_tmp_QA_dict_1355
financial_tmp_QA_dict_149
dimension_metadata_114
dimension_metadata_394
financial_tmp_QA_dict_63
financial_tmp_QA_dict_344
financial_tmp_replacing_47
financial_tmp_QA_dict_1465
financial_tmp_QA_list_8
dimension_metadata_83
financial_tmp_QA_dict_286
financial_tmp_QA_dict_305
dimension_metadata_141
financial_tmp_QA_dict_153
financial_tmp_QA_dict_1457
financial_tmp_QA_dict_611
dimension_metadata_507
financial_tmp_QA_dict_516
dimension_metadata_266
dimension_metadata_454
financial_tmp_QA_dict_703
financial_tmp_QA_dict_378
sale_tmp_QA_dict_46
dimension_metadata_163
dimension_metadata_212
financial_tmp_QA_dict_721
financial_tmp_QA_dict_471
financial_tmp_QA_dict_111
dimension_metadata_307
financial_tmp_QA_list_46
financial_tmp_QA_dict_385
dimension_metadata_416
dimension_metadata_156
financial_tmp_QA_dict_522
dimension_metadata_26
financial_tmp_QA_dict_468
financial_tmp_QA_dict_114
financial_tmp_QA_dict_101
financial_tmp_QA_dict_939
dimension_metadata_152
dimension_metadata_292
financial_tmp_QA_dict_738
financial_tmp_QA_dict_1248
dimension_metadata_619
financial_tmp_QA_dict_1473
financial_tmp_QA_dict_1137
financial_tmp_QA_dict_518
financial_tmp_QA_dict_1524
dimension_metadata_560
financial_tmp_QA_dict_815
financial_tmp_QA_dict_687
sale_tmp_QA_dict_68
financial_tmp_QA_dict_1519
dimension_metadata_683
financial_tmp_QA_dict_312
financial_tmp_QA_dict_751
financial_tmp_QA_dict_320
financial_tmp_QA_dict_481
financial_tmp_QA_list_53
financial_tmp_QA_dict_252
sale_tmp_QA_dict_72
financial_tmp_QA_dict_897
dimension_metadata_674
financial_tmp_QA_dict_410
financial_tmp_QA_dict_1241
financial_tmp_QA_dict_319
financial_tmp_QA_dict_885
financial_tmp_QA_dict_110
financial_tmp_QA_dict_357
financial_tmp_QA_dict_1542
financial_tmp_QA_dict_1058
dimension_metadata_10
dimension_metadata_390
financial_tmp_QA_dict_804
financial_tmp_QA_dict_505
financial_tmp_QA_dict_469
financial_tmp_QA_dict_1439
dimension_metadata_337
dimension_metadata_66
dimension_metadata_601
dimension_metadata_100
financial_tmp_QA_dict_982
financial_tmp_QA_dict_1525
dimension_metadata_196
financial_tmp_QA_dict_343
dimension_metadata_169
financial_tmp_QA_dict_185
dimension_metadata_241
financial_tmp_QA_dict_1063
financial_tmp_replacing_40
dimension_metadata_125
dimension_metadata_284
dimension_metadata_680
financial_tmp_QA_dict_820
financial_tmp_QA_dict_1433
financial_tmp_QA_dict_1506
financial_tmp_QA_dict_983
dimension_metadata_642
financial_tmp_QA_dict_210
financial_tmp_replacing_24
financial_tmp_QA_dict_489
financial_tmp_QA_dict_1466
financial_tmp_QA_dict_928
dimension_metadata_17
dimension_metadata_458
financial_tmp_QA_dict_747
financial_tmp_QA_dict_681
financial_tmp_QA_dict_780
financial_tmp_QA_dict_1398
financial_tmp_QA_dict_1153
financial_tmp_QA_dict_72
dimension_metadata_523
dimension_metadata_359
financial_tmp_QA_dict_968
financial_tmp_QA_dict_756
financial_tmp_QA_dict_1055
dimension_metadata_145
dimension_metadata_461
financial_tmp_QA_dict_187
dimension_metadata_154
financial_tmp_QA_dict_1484
financial_tmp_QA_dict_1336
financial_tmp_QA_dict_173
financial_tmp_QA_dict_635
financial_tmp_QA_dict_686
financial_tmp_QA_dict_576
financial_tmp_QA_dict_245
financial_tmp_QA_dict_1536
dimension_metadata_308
financial_tmp_QA_dict_398
financial_tmp_QA_dict_1189
financial_tmp_QA_dict_124
financial_tmp_QA_dict_1372
dimension_metadata_364
financial_tmp_QA_dict_285
dimension_metadata_657
financial_tmp_QA_dict_746
dimension_metadata_39
dimension_metadata_469
financial_tmp_QA_dict_1447
financial_tmp_QA_dict_91
dimension_metadata_25
dimension_metadata_341
financial_tmp_QA_dict_139
financial_tmp_QA_dict_750
dimension_metadata_386
financial_tmp_QA_dict_358
financial_tmp_QA_dict_106
financial_tmp_QA_dict_1091
dimension_metadata_396
dimension_metadata_153
dimension_metadata_198
financial_tmp_QA_dict_701
financial_tmp_QA_dict_1538
financial_tmp_QA_dict_280
financial_tmp_QA_dict_1001
financial_tmp_QA_dict_1289
financial_tmp_QA_dict_28
financial_tmp_QA_dict_1366
dimension_metadata_365
financial_tmp_QA_dict_572
financial_tmp_QA_list_41
dimension_metadata_668
financial_tmp_QA_dict_1048
dimension_metadata_663
dimension_metadata_533
financial_tmp_QA_dict_1191
financial_tmp_QA_dict_1533
dimension_metadata_218
financial_tmp_QA_dict_560
financial_tmp_QA_dict_531
dimension_metadata_661
financial_tmp_QA_dict_388
dimension_metadata_34
dimension_metadata_226
financial_tmp_QA_dict_339
financial_tmp_QA_dict_1520
financial_tmp_QA_dict_226
dimension_metadata_181
financial_tmp_QA_list_34
financial_tmp_QA_dict_125
financial_tmp_QA_dict_322
financial_tmp_QA_dict_1482
financial_tmp_QA_dict_1385
dimension_metadata_262
financial_tmp_QA_dict_364
financial_tmp_QA_dict_186
financial_tmp_QA_dict_1159
financial_tmp_replacing_54
financial_tmp_QA_dict_702
financial_tmp_QA_dict_707
financial_tmp_QA_dict_896
dimension_metadata_621
financial_tmp_QA_dict_554
insurance_tmp_QA_list_length
dimension_metadata_651
financial_tmp_QA_dict_47
financial_tmp_QA_dict_440
financial_tmp_QA_dict_1435
dimension_metadata_4
financial_tmp_QA_dict_1273
financial_tmp_QA_dict_950
financial_tmp_QA_dict_242
financial_tmp_QA_dict_792
financial_tmp_QA_dict_291
financial_tmp_QA_dict_1507
dimension_metadata_303
financial_tmp_QA_dict_424
financial_tmp_QA_dict_161
dimension_metadata_41
dimension_metadata_143
financial_tmp_QA_dict_174
financial_tmp_QA_dict_941
financial_tmp_QA_dict_3
financial_tmp_QA_dict_741
dimension_metadata_540
financial_tmp_QA_dict_1212
dimension_metadata_321
financial_tmp_QA_dict_152
sale_tmp_QA_dict_91
financial_tmp_QA_dict_671
sale_tmp_QA_dict_60
dimension_metadata_695
financial_tmp_QA_dict_904
financial_tmp_QA_dict_45
dimension_metadata_527
financial_tmp_QA_dict_1204
financial_tmp_QA_dict_917
financial_tmp_QA_dict_39
financial_tmp_QA_dict_1472
dimension_metadata_705
financial_tmp_QA_dict_25
financial_tmp_QA_list_32
dimension_metadata_688
financial_tmp_replacing_9
financial_tmp_QA_dict_1003
financial_tmp_QA_dict_859
financial_tmp_QA_dict_723
financial_tmp_QA_dict_1176
dimension_metadata_149
financial_tmp_QA_dict_1047
dimension_metadata_543
dimension_metadata_310
financial_tmp_QA_dict_599
financial_tmp_QA_dict_66
dimension_metadata_120
dimension_metadata_691
financial_tmp_QA_dict_23
financial_tmp_QA_dict_1365
financial_tmp_QA_dict_892
financial_tmp_QA_dict_1367
financial_tmp_QA_dict_1477
financial_tmp_QA_dict_1431
dimension_metadata_509
financial_tmp_QA_dict_1150
financial_tmp_QA_dict_673
financial_tmp_QA_dict_1134
financial_tmp_replacing_21
dimension_metadata_43
financial_tmp_QA_dict_728
dimension_metadata_700
financial_tmp_QA_dict_725
dimension_metadata_324
financial_tmp_QA_dict_1109
financial_tmp_QA_dict_144
financial_tmp_QA_list_2
sale_tmp_QA_dict_77
financial_tmp_QA_dict_1127
financial_tmp_QA_dict_1049
dimension_metadata_350
financial_tmp_QA_dict_667
financial_tmp_QA_dict_236
financial_tmp_QA_dict_537
financial_tmp_QA_dict_1407
dimension_metadata_594
sale_tmp_QA_dict_20
financial_tmp_QA_dict_549
financial_tmp_QA_dict_253
financial_tmp_QA_dict_1540
financial_tmp_QA_dict_752
dimension_metadata_144
dimension_metadata_333
financial_tmp_QA_dict_757
financial_tmp_QA_dict_402
dimension_metadata_636
dimension_metadata_348
dimension_metadata_443
dimension_metadata_714
financial_tmp_QA_dict_491
financial_tmp_QA_dict_1331
financial_tmp_QA_dict_487
dimension_metadata_529
financial_tmp_QA_dict_1281
dimension_metadata_236
financial_tmp_QA_dict_1305
dimension_metadata_19
financial_tmp_QA_dict_359
financial_tmp_QA_dict_196
financial_tmp_QA_dict_334
financial_tmp_QA_dict_98
dimension_metadata_538
dimension_metadata_489
financial_tmp_QA_dict_287
financial_tmp_QA_dict_1029
dimension_metadata_701
financial_tmp_QA_dict_1512
dimension_metadata_519
dimension_metadata_491
dimension_metadata_205
financial_tmp_QA_dict_612
financial_tmp_QA_dict_1155
financial_tmp_QA_list_20
dimension_metadata_302
financial_tmp_QA_dict_802
financial_tmp_QA_dict_1228
financial_tmp_QA_list_44
financial_tmp_QA_dict_457
dimension_metadata_90
dimension_metadata_655
financial_tmp_QA_dict_309
financial_tmp_QA_dict_1102
financial_tmp_QA_dict_850
financial_tmp_QA_dict_556
financial_tmp_QA_dict_123
financial_tmp_QA_dict_1066
dimension_metadata_684
financial_tmp_QA_dict_1427
financial_tmp_QA_dict_179
dimension_metadata_314
dimension_metadata_142
dimension_metadata_59
financial_tmp_QA_dict_116
financial_tmp_QA_dict_1464
dimension_metadata_385
dimension_metadata_451
dimension_metadata_546
sale_tmp_QA_dict_53
dimension_metadata_47
financial_tmp_QA_dict_653
financial_tmp_QA_dict_1012
sale_tmp_QA_dict_59
financial_tmp_QA_dict_190
financial_tmp_QA_dict_313
financial_tmp_QA_dict_479
financial_tmp_QA_dict_400
financial_tmp_QA_dict_38
sale_tmp_QA_dict_24
financial_tmp_replacing_17
financial_tmp_QA_dict_293
dimension_metadata_23
financial_tmp_QA_dict_718
financial_tmp_QA_dict_4
financial_tmp_QA_dict_598
financial_tmp_QA_dict_658
financial_tmp_QA_dict_1044
financial_tmp_QA_dict_960
sale_tmp_replacing_0
dimension_metadata_339
financial_tmp_QA_dict_1514
financial_tmp_QA_dict_1124
financial_tmp_QA_dict_711
financial_tmp_QA_dict_1440
dimension_metadata_429
dimension_metadata_108
financial_tmp_QA_dict_333
dimension_metadata_455
financial_tmp_QA_dict_109
financial_tmp_QA_dict_558
financial_tmp_QA_dict_1541
dimension_metadata_444
financial_tmp_QA_dict_666
financial_tmp_replacing_4
dimension_metadata_278
financial_tmp_QA_dict_1333
financial_tmp_replacing_8
financial_tmp_QA_dict_980
financial_tmp_QA_dict_387
financial_tmp_QA_dict_228
financial_tmp_QA_dict_769
financial_tmp_QA_dict_336
financial_tmp_QA_dict_943
financial_tmp_QA_dict_100
dimension_metadata_590
financial_tmp_QA_dict_582
financial_tmp_QA_dict_1481
dimension_metadata_91
dimension_metadata_611
financial_tmp_QA_dict_216
dimension_metadata_283
financial_tmp_QA_dict_1337
dimension_metadata_134
financial_tmp_QA_dict_1193
financial_tmp_QA_dict_1388
financial_tmp_QA_dict_661
financial_tmp_QA_dict_1244
dimension_metadata_326
dimension_metadata_353
financial_tmp_QA_dict_1002
financial_tmp_QA_dict_21
financial_tmp_QA_dict_1045
dimension_metadata_295
financial_tmp_QA_dict_136
dimension_metadata_190
dimension_metadata_604
financial_tmp_QA_dict_1469
dimension_metadata_268
financial_tmp_QA_list_24
financial_tmp_QA_dict_429
financial_tmp_QA_dict_1011
financial_tmp_QA_dict_129
financial_tmp_QA_dict_20
financial_tmp_QA_dict_131
financial_tmp_QA_dict_874
financial_tmp_replacing_22
dimension_metadata_71
financial_tmp_QA_dict_551
financial_tmp_QA_dict_444
dimension_metadata_173
financial_tmp_QA_dict_168
financial_tmp_QA_dict_1340
dimension_metadata_483
financial_tmp_QA_dict_1183
financial_tmp_replacing_32
financial_tmp_QA_list_18
financial_tmp_QA_dict_207
financial_tmp_QA_dict_981
financial_tmp_QA_dict_1215
dimension_metadata_259
dimension_metadata_174
financial_tmp_QA_dict_234
financial_tmp_QA_dict_890
financial_tmp_QA_list_29
financial_tmp_QA_dict_346
financial_tmp_QA_dict_1172
dimension_metadata_412
dimension_metadata_352
financial_tmp_QA_dict_645
financial_tmp_QA_dict_90
financial_tmp_replacing_39
financial_tmp_QA_dict_1419
dimension_metadata_258
sale_tmp_QA_dict_27
financial_tmp_QA_dict_1111
financial_tmp_QA_dict_1420
dimension_metadata_474
financial_tmp_QA_dict_608
financial_tmp_QA_dict_10
financial_tmp_QA_dict_700
dimension_metadata_482
financial_tmp_QA_dict_704
financial_tmp_QA_dict_1190
financial_tmp_QA_dict_150
financial_tmp_QA_dict_451
financial_tmp_QA_dict_1393
dimension_metadata_712
financial_tmp_QA_dict_536
financial_tmp_QA_dict_1468
dimension_metadata_225
financial_tmp_QA_dict_1182
dimension_metadata_568
financial_tmp_QA_dict_1207
financial_tmp_QA_dict_767
financial_tmp_QA_dict_1106
financial_tmp_QA_dict_895
financial_tmp_QA_dict_774
financial_tmp_QA_dict_1068
financial_tmp_QA_dict_1077
financial_tmp_QA_dict_964
dimension_metadata_176
financial_tmp_QA_dict_660
financial_tmp_QA_dict_680
financial_tmp_QA_dict_1496
financial_tmp_QA_dict_647
financial_tmp_QA_dict_1125
financial_tmp_QA_dict_1133
dimension_metadata_545
financial_tmp_QA_dict_389
sale_tmp_QA_dict_52
financial_tmp_QA_dict_230
financial_tmp_QA_dict_198
dimension_metadata_569
dimension_metadata_216
financial_tmp_replacing_36
financial_tmp_QA_dict_290
financial_tmp_replacing_43
dimension_metadata_593
financial_tmp_QA_dict_1291
financial_tmp_QA_dict_900
financial_tmp_QA_dict_831
dimension_metadata_351
financial_tmp_QA_dict_1450
dimension_metadata_595
financial_tmp_QA_dict_294
financial_tmp_QA_dict_1200
financial_tmp_QA_dict_871
financial_tmp_QA_dict_1318
financial_tmp_QA_dict_474
financial_tmp_QA_dict_617
sale_tmp_QA_list_length
dimension_metadata_179
dimension_metadata_567
financial_tmp_QA_dict_696
dimension_metadata_539
financial_tmp_QA_dict_561
dimension_metadata_357
financial_tmp_QA_dict_1529
financial_tmp_QA_dict_251
financial_tmp_QA_dict_202
financial_tmp_QA_dict_296
financial_tmp_QA_dict_350
dimension_metadata_194
financial_tmp_QA_dict_229
financial_tmp_QA_dict_406
financial_tmp_QA_dict_665
financial_tmp_QA_dict_782
financial_tmp_QA_dict_942
financial_tmp_QA_dict_1453
dimension_metadata_281
financial_tmp_QA_dict_613
dimension_metadata_252
sale_tmp_QA_dict_86
financial_tmp_QA_dict_566
financial_tmp_QA_dict_99
dimension_metadata_637
dimension_metadata_603
financial_tmp_QA_dict_527
financial_tmp_QA_dict_801
financial_tmp_QA_dict_246
financial_tmp_QA_dict_1277
financial_tmp_QA_dict_1361
financial_tmp_QA_dict_768
financial_tmp_QA_list_49
dimension_metadata_276
financial_tmp_QA_dict_902
dimension_metadata_492
dimension_metadata_407
financial_tmp_QA_dict_508
financial_tmp_replacing_51
financial_tmp_QA_dict_754
financial_tmp_QA_dict_921
financial_tmp_QA_dict_532
financial_tmp_QA_dict_1096
financial_tmp_QA_dict_1422
financial_tmp_QA_dict_994
financial_tmp_QA_dict_1005
dimension_metadata_29
financial_tmp_QA_dict_1264
dimension_metadata_631
dimension_metadata_360
dimension_metadata_692
financial_tmp_QA_dict_764
financial_tmp_QA_dict_1094
financial_tmp_QA_dict_1144
dimension_metadata_656
financial_tmp_QA_dict_677
financial_tmp_QA_dict_861
financial_tmp_QA_dict_14
financial_tmp_QA_dict_62
dimension_metadata_403
financial_tmp_QA_dict_500
financial_tmp_QA_dict_1282
dimension_metadata_689
dimension_metadata_643
dimension_metadata_681
dimension_metadata_624
dimension_metadata_530
dimension_metadata_332
financial_tmp_QA_dict_283
financial_tmp_QA_dict_1387
dimension_metadata_572
financial_tmp_QA_dict_1064
sale_tmp_QA_dict_39
financial_tmp_QA_dict_961
financial_tmp_QA_dict_689
financial_tmp_QA_list_10
dimension_metadata_5
financial_tmp_QA_dict_547
financial_tmp_QA_dict_1430
financial_tmp_QA_dict_765
dimension_metadata_445
dimension_metadata_55
financial_tmp_QA_dict_270
dimension_metadata_561
financial_tmp_QA_dict_250
financial_tmp_QA_dict_458
dimension_metadata_238
financial_tmp_QA_dict_705
financial_tmp_QA_dict_1475
financial_tmp_QA_dict_1432
financial_tmp_QA_dict_777
financial_tmp_QA_dict_1250
dimension_metadata_172
financial_tmp_QA_dict_455
financial_tmp_QA_dict_448
financial_tmp_QA_dict_1268
financial_tmp_QA_dict_853
dimension_metadata_652
sale_tmp_QA_list_0
dimension_metadata_285
financial_tmp_QA_dict_1163
dimension_metadata_309
financial_tmp_QA_dict_263
financial_tmp_QA_dict_33
financial_tmp_QA_dict_745
financial_tmp_QA_dict_330
financial_tmp_QA_dict_197
financial_tmp_QA_dict_128
financial_tmp_QA_dict_213
financial_tmp_QA_dict_51
dimension_metadata_54
financial_tmp_QA_dict_1218
financial_tmp_QA_dict_969
financial_tmp_QA_dict_534
dimension_metadata_36
financial_tmp_QA_dict_1037
dimension_metadata_304
financial_tmp_QA_dict_651
financial_tmp_QA_dict_195
financial_tmp_QA_dict_772
financial_tmp_replacing_33
financial_tmp_QA_dict_860
dimension_metadata_344
dimension_metadata_433
dimension_metadata_186
dimension_metadata_319
financial_tmp_QA_dict_472
financial_tmp_QA_dict_1142
financial_tmp_QA_dict_126
financial_tmp_QA_dict_1043
dimension_metadata_33
dimension_metadata_0
financial_tmp_QA_dict_243
financial_tmp_QA_dict_122
financial_tmp_QA_dict_1339
dimension_metadata_377
financial_tmp_QA_dict_375
financial_tmp_QA_dict_22
dimension_metadata_563
financial_tmp_QA_dict_154
financial_tmp_QA_dict_1181
financial_tmp_QA_dict_678
financial_tmp_replacing_35
financial_tmp_QA_dict_587
financial_tmp_QA_dict_335
financial_tmp_QA_dict_1399
dimension_metadata_537
financial_tmp_replacing_7
sale_tmp_QA_dict_83
financial_tmp_QA_dict_1009
financial_tmp_QA_dict_1170
financial_tmp_QA_dict_1230
sale_tmp_QA_list_2
dimension_metadata_37
financial_tmp_QA_dict_225
financial_tmp_QA_dict_120
financial_tmp_QA_dict_786
financial_tmp_QA_dict_1213
financial_tmp_QA_dict_627
financial_tmp_QA_dict_1510
financial_tmp_QA_dict_1470
financial_tmp_QA_dict_526
financial_tmp_QA_dict_141
sale_tmp_QA_dict_37
financial_tmp_QA_dict_1128
financial_tmp_QA_dict_1332
sale_tmp_QA_dict_5
financial_tmp_QA_dict_445
financial_tmp_QA_dict_1120
financial_tmp_replacing_11
financial_tmp_QA_list_1
dimension_metadata_632
dimension_metadata_649
financial_tmp_QA_dict_570
dimension_metadata_462
dimension_metadata_413
financial_tmp_QA_dict_409
financial_tmp_replacing_41
dimension_metadata_686
dimension_metadata_588
financial_tmp_QA_dict_631
financial_tmp_QA_dict_1113
dimension_metadata_577
dimension_metadata_531
dimension_metadata_415
financial_tmp_QA_dict_159
financial_tmp_QA_dict_695
financial_tmp_QA_dict_31
dimension_metadata_605
financial_tmp_QA_dict_1497
dimension_metadata_550
financial_tmp_QA_dict_495
dimension_metadata_625
financial_tmp_QA_dict_1314
financial_tmp_QA_dict_580
dimension_metadata_609
financial_tmp_QA_dict_564
financial_tmp_QA_list_length
financial_tmp_QA_dict_188
financial_tmp_QA_dict_306
financial_tmp_QA_dict_919
financial_tmp_QA_list_40
financial_tmp_QA_dict_483
dimension_metadata_473
financial_tmp_QA_dict_788
financial_tmp_QA_dict_1312
dimension_metadata_317
dimension_metadata_27
financial_tmp_QA_dict_817
financial_tmp_replacing_10
financial_tmp_QA_dict_863
financial_tmp_QA_dict_24
dimension_metadata_671
financial_tmp_QA_dict_663
financial_tmp_QA_dict_557
financial_tmp_QA_dict_669
sale_tmp_QA_dict_12
financial_tmp_QA_dict_597
financial_tmp_QA_list_52
financial_tmp_QA_dict_1173
sale_tmp_QA_dict_63
dimension_metadata_69
financial_tmp_QA_dict_688
financial_tmp_QA_dict_1201
financial_tmp_QA_dict_1471
financial_tmp_QA_dict_615
financial_tmp_QA_dict_535
financial_tmp_QA_dict_910
financial_tmp_QA_dict_1298
financial_tmp_QA_list_43
dimension_metadata_170
financial_tmp_QA_dict_1478
dimension_metadata_582
financial_tmp_QA_dict_1379
financial_tmp_QA_dict_809
dimension_metadata_696
financial_tmp_QA_dict_411
financial_tmp_QA_dict_1266
financial_tmp_QA_dict_979
financial_tmp_QA_dict_567
financial_tmp_QA_list_25
financial_tmp_QA_dict_477
financial_tmp_QA_dict_542
financial_tmp_QA_dict_238
financial_tmp_QA_dict_1421
financial_tmp_QA_dict_1131
financial_tmp_QA_dict_501
financial_tmp_QA_dict_659
financial_tmp_QA_dict_1492
sale_tmp_QA_dict_29
dimension_metadata_150
financial_tmp_QA_dict_697
dimension_metadata_219
dimension_metadata_613
financial_tmp_QA_dict_1535
dimension_metadata_488
financial_tmp_QA_dict_589
dimension_metadata_35
dimension_metadata_512
financial_tmp_QA_dict_83
financial_tmp_QA_dict_521
dimension_metadata_616
financial_tmp_QA_dict_11
financial_tmp_QA_dict_482
financial_tmp_QA_dict_729
financial_tmp_QA_dict_1196
financial_tmp_QA_dict_1263
financial_tmp_QA_dict_1403
financial_tmp_QA_dict_1242
financial_tmp_QA_dict_395
financial_tmp_replacing_49
financial_tmp_QA_dict_710
dimension_metadata_96
financial_tmp_QA_dict_212
financial_tmp_QA_dict_399
sale_tmp_QA_dict_80
financial_tmp_QA_dict_796
financial_tmp_QA_dict_219
dimension_metadata_18
financial_tmp_QA_dict_682
dimension_metadata_544
financial_tmp_QA_dict_163
financial_tmp_QA_dict_1384
financial_tmp_QA_dict_265
dimension_metadata_233
dimension_metadata_677
sale_tmp_QA_dict_56
dimension_metadata_167
sale_tmp_QA_dict_30
dimension_metadata_197
financial_tmp_QA_dict_1019
financial_tmp_QA_dict_373
financial_tmp_QA_dict_1000
dimension_metadata_406
financial_tmp_QA_dict_1110
financial_tmp_QA_dict_842
financial_tmp_QA_dict_625
sale_tmp_QA_dict_88
financial_tmp_QA_dict_507
financial_tmp_QA_dict_555
financial_tmp_QA_dict_1249
financial_tmp_QA_dict_365
financial_tmp_QA_dict_1364
dimension_metadata_660
dimension_metadata_273
financial_tmp_QA_dict_1493
dimension_metadata_591
financial_tmp_QA_dict_656
dimension_metadata_97
dimension_metadata_463
financial_tmp_QA_dict_1346
financial_tmp_QA_dict_553
dimension_metadata_423
financial_tmp_QA_dict_2
dimension_metadata_261
financial_tmp_QA_dict_148
dimension_metadata_16
financial_tmp_QA_dict_12
dimension_metadata_687
financial_tmp_QA_dict_1057
financial_tmp_QA_dict_1330
sale_tmp_QA_dict_49
financial_tmp_QA_dict_878
financial_tmp_QA_dict_1267
financial_tmp_QA_dict_1486
sale_tmp_QA_dict_18
dimension_metadata_426
dimension_metadata_103
financial_tmp_QA_dict_54
dimension_metadata_399
financial_tmp_QA_dict_478
financial_tmp_QA_dict_49
dimension_metadata_440
financial_tmp_QA_dict_1023
dimension_metadata_301
financial_tmp_QA_dict_851
dimension_metadata_370
financial_tmp_QA_dict_1368
financial_tmp_replacing_25
dimension_metadata_274
financial_tmp_QA_dict_1216
dimension_metadata_532
dimension_metadata_665
financial_tmp_QA_dict_760
dimension_metadata_115
financial_tmp_QA_dict_1245
financial_tmp_QA_dict_821
financial_tmp_QA_dict_539
dimension_metadata_495
dimension_metadata_49
financial_tmp_QA_dict_266
dimension_metadata_334
dimension_metadata_316
financial_tmp_QA_dict_307
financial_tmp_QA_dict_397
financial_tmp_QA_dict_408
financial_tmp_QA_dict_1378
dimension_metadata_511
financial_tmp_QA_dict_877
dimension_metadata_61
sale_tmp_QA_dict_58
financial_tmp_QA_dict_1491
financial_tmp_QA_dict_384
dimension_metadata_325
financial_tmp_QA_dict_419
financial_tmp_QA_dict_986
financial_tmp_QA_list_13
financial_tmp_QA_dict_565
financial_tmp_QA_dict_1377
dimension_metadata_42
financial_tmp_QA_dict_992
financial_tmp_QA_dict_67
financial_tmp_QA_dict_985
financial_tmp_QA_dict_464
financial_tmp_QA_dict_938
dimension_metadata_129
dimension_metadata_112
dimension_metadata_67
dimension_metadata_515
financial_tmp_QA_dict_1376
dimension_metadata_676
dimension_metadata_586
financial_tmp_QA_list_15
financial_tmp_QA_dict_515
financial_tmp_QA_dict_267
dimension_metadata_76
financial_tmp_QA_dict_1265
dimension_metadata_453
financial_tmp_QA_dict_901
financial_tmp_QA_dict_523
dimension_metadata_436
dimension_metadata_410
financial_tmp_QA_dict_214
financial_tmp_QA_dict_991
financial_tmp_QA_dict_798
dimension_metadata_615
financial_tmp_QA_dict_1095
financial_tmp_QA_dict_630
financial_tmp_QA_dict_379
sale_tmp_QA_dict_87
sale_tmp_QA_dict_61
financial_tmp_QA_dict_199
financial_tmp_QA_dict_1503
financial_tmp_QA_dict_44
dimension_metadata_32
dimension_metadata_395
dimension_metadata_579
financial_tmp_QA_dict_652
financial_tmp_QA_dict_1303
sale_tmp_QA_dict_89
dimension_metadata_183
financial_tmp_QA_dict_1516
dimension_metadata_87
dimension_metadata_371
financial_tmp_QA_dict_918
financial_tmp_QA_dict_40
financial_tmp_QA_dict_638
financial_tmp_QA_dict_321
financial_tmp_QA_dict_1052
dimension_metadata_277
dimension_metadata_654
financial_tmp_QA_dict_146
dimension_metadata_282
financial_tmp_QA_dict_345
financial_tmp_QA_dict_241
financial_tmp_QA_dict_441
dimension_metadata_322
financial_tmp_QA_dict_17
financial_tmp_QA_dict_847
financial_tmp_QA_dict_1185
financial_tmp_QA_dict_601
financial_tmp_QA_dict_426
dimension_metadata_52
financial_tmp_QA_dict_289
financial_tmp_QA_dict_1251
financial_tmp_QA_dict_956
financial_tmp_QA_dict_271
dimension_metadata_320
dimension_metadata_702
financial_tmp_QA_dict_655
financial_tmp_QA_dict_279
financial_tmp_QA_dict_997
dimension_metadata_425
dimension_metadata_299
dimension_metadata_199
dimension_metadata_392
financial_tmp_QA_dict_884
sale_tmp_QA_dict_10
financial_tmp_QA_dict_839
dimension_metadata_476
financial_tmp_QA_dict_1499
sale_tmp_replacing_1
dimension_metadata_388
financial_tmp_QA_dict_643
financial_tmp_QA_dict_496
dimension_metadata_88
financial_tmp_QA_dict_53
financial_tmp_QA_dict_1083
financial_tmp_QA_dict_1428
financial_tmp_QA_dict_113
financial_tmp_QA_dict_706
dimension_metadata_647
sale_tmp_QA_dict_40
financial_tmp_QA_dict_674
dimension_metadata_220
financial_tmp_QA_dict_963
sale_tmp_QA_dict_4
financial_tmp_QA_dict_571
financial_tmp_QA_dict_1226
financial_tmp_QA_dict_529
financial_tmp_QA_dict_119
financial_tmp_QA_dict_1050
financial_tmp_QA_dict_233
dimension_metadata_490
financial_tmp_QA_dict_231
financial_tmp_QA_dict_155
dimension_metadata_441
financial_tmp_QA_dict_1240
dimension_metadata_128
dimension_metadata_599
financial_tmp_QA_dict_670
dimension_metadata_693
financial_tmp_QA_dict_461
financial_tmp_QA_dict_1523
financial_tmp_QA_list_7
financial_tmp_QA_dict_191
financial_tmp_QA_dict_790
financial_tmp_QA_dict_1451
financial_tmp_QA_dict_654
financial_tmp_QA_dict_1260
financial_tmp_QA_dict_1508
dimension_metadata_201
sale_tmp_QA_dict_76
financial_tmp_QA_dict_61
financial_tmp_QA_dict_742
financial_tmp_QA_dict_882
dimension_metadata_435
financial_tmp_QA_dict_989
financial_tmp_QA_dict_1209
financial_tmp_QA_dict_898
dimension_metadata_251
financial_tmp_QA_dict_1401
financial_tmp_QA_dict_256
financial_tmp_QA_list_39
dimension_metadata_354
financial_tmp_QA_dict_192
dimension_metadata_188
financial_tmp_QA_dict_1319
dimension_metadata_574
dimension_metadata_346
financial_tmp_QA_dict_924
financial_tmp_QA_dict_797
dimension_metadata_450
financial_tmp_QA_dict_423
financial_tmp_QA_dict_1211
financial_tmp_QA_dict_1438
financial_tmp_QA_dict_1526
dimension_metadata_391
dimension_metadata_401
financial_tmp_QA_dict_1354
dimension_metadata_139
financial_tmp_QA_dict_716
dimension_metadata_711
financial_tmp_QA_dict_862
dimension_metadata_82
financial_tmp_QA_dict_456
financial_tmp_QA_dict_926
financial_tmp_QA_dict_1205
dimension_metadata_556
dimension_metadata_384
financial_tmp_QA_dict_1175
financial_tmp_QA_dict_923
dimension_metadata_287
financial_tmp_replacing_42
dimension_metadata_191
financial_tmp_QA_dict_1235
sale_tmp_QA_dict_62
financial_tmp_QA_dict_354
financial_tmp_QA_dict_1223
financial_tmp_QA_dict_222
financial_tmp_QA_dict_995
dimension_metadata_471
sale_tmp_QA_dict_8
financial_tmp_QA_dict_1270
dimension_metadata_479
financial_tmp_QA_dict_171
financial_tmp_QA_dict_486
financial_tmp_QA_dict_840
dimension_metadata_667
financial_tmp_replacing_50
dimension_metadata_50
financial_tmp_QA_dict_628
financial_tmp_QA_list_45
financial_tmp_QA_dict_370
financial_tmp_QA_dict_1024
financial_tmp_QA_dict_543
financial_tmp_QA_dict_383
financial_tmp_QA_dict_1356
financial_tmp_QA_dict_137
financial_tmp_QA_dict_422
financial_tmp_replacing_37
financial_tmp_QA_dict_590
financial_tmp_QA_dict_244
sale_tmp_QA_dict_13
financial_tmp_replacing_48
financial_tmp_QA_dict_965
financial_tmp_QA_dict_832
financial_tmp_QA_dict_1396
dimension_metadata_617
dimension_metadata_508
financial_tmp_QA_dict_1414
financial_tmp_QA_dict_82
financial_tmp_QA_dict_749
dimension_metadata_382
financial_tmp_QA_dict_180
financial_tmp_QA_dict_77
financial_tmp_QA_dict_1513
dimension_metadata_254
dimension_metadata_467
financial_tmp_QA_dict_355
financial_tmp_replacing_0
dimension_metadata_520
financial_tmp_QA_dict_85
financial_tmp_QA_dict_1169
financial_tmp_replacing_19
financial_tmp_QA_dict_232
dimension_metadata_230
financial_tmp_QA_dict_845
financial_tmp_QA_dict_962
financial_tmp_QA_dict_709
financial_tmp_QA_dict_1505
dimension_metadata_58
financial_tmp_QA_list_0
sale_tmp_QA_dict_64
financial_tmp_QA_dict_922
financial_tmp_QA_dict_1054
dimension_metadata_418
financial_tmp_QA_dict_520
dimension_metadata_7
dimension_metadata_524
financial_tmp_QA_dict_517
financial_tmp_QA_dict_1426
sale_tmp_replacing_4
financial_tmp_QA_list_19
financial_tmp_QA_dict_164
dimension_metadata_536
sale_tmp_QA_dict_3
financial_tmp_QA_dict_736
financial_tmp_QA_dict_304
financial_tmp_QA_dict_434
dimension_metadata_578
dimension_metadata_402
dimension_metadata_704
dimension_metadata_517
financial_tmp_QA_dict_316
financial_tmp_QA_dict_1020
financial_tmp_QA_dict_476
financial_tmp_QA_list_22
dimension_metadata_355
dimension_metadata_155
financial_tmp_QA_dict_1446
financial_tmp_QA_dict_18
financial_tmp_QA_dict_240
financial_tmp_QA_dict_277
financial_tmp_QA_dict_1454
dimension_metadata_107
dimension_metadata_31
dimension_metadata_245
financial_tmp_QA_dict_519
financial_tmp_QA_dict_940
financial_tmp_QA_dict_1285
financial_tmp_QA_dict_9
financial_tmp_QA_dict_298
dimension_metadata_541
dimension_metadata_184
dimension_metadata_162
dimension_metadata_592
dimension_metadata_707
financial_tmp_QA_dict_1075
financial_tmp_QA_dict_875
dimension_metadata_342
financial_tmp_QA_dict_1323
dimension_metadata_573
financial_tmp_QA_dict_1290
dimension_metadata_658
dimension_metadata_383
financial_tmp_QA_dict_810
dimension_metadata_65
dimension_metadata_280
financial_tmp_QA_dict_1309
dimension_metadata_494
financial_tmp_QA_dict_899
dimension_metadata_74
financial_tmp_QA_dict_178
financial_tmp_QA_dict_684
financial_tmp_QA_dict_990
financial_tmp_QA_dict_299
financial_tmp_QA_dict_1415
dimension_metadata_329
financial_tmp_QA_dict_966
financial_tmp_QA_dict_50
dimension_metadata_376
financial_tmp_QA_dict_272
dimension_metadata_3
financial_tmp_QA_dict_1437
financial_tmp_QA_dict_1359
financial_tmp_QA_dict_1347
financial_tmp_QA_dict_317
financial_tmp_replacing_keys
financial_tmp_QA_dict_453
financial_tmp_QA_dict_1006
financial_tmp_QA_dict_1007
financial_tmp_QA_dict_329
financial_tmp_QA_dict_134
financial_tmp_QA_dict_870
financial_tmp_QA_dict_348
financial_tmp_QA_dict_1132
financial_tmp_QA_dict_996
dimension_metadata_124
financial_tmp_QA_dict_538
financial_tmp_QA_dict_1315
dimension_metadata_465
financial_tmp_QA_dict_502
financial_tmp_QA_dict_739
financial_tmp_QA_dict_954
financial_tmp_QA_dict_1429
dimension_metadata_231
dimension_metadata_549
financial_tmp_QA_dict_975
financial_tmp_QA_dict_1053
financial_tmp_QA_dict_74
financial_tmp_QA_dict_644
financial_tmp_QA_dict_1380
financial_tmp_QA_dict_1517
financial_tmp_QA_dict_1152
dimension_metadata_86
dimension_metadata_243
financial_tmp_QA_dict_1271
dimension_metadata_664
financial_tmp_QA_dict_623
financial_tmp_QA_dict_787
financial_tmp_QA_dict_437
dimension_metadata_336
financial_tmp_QA_dict_480
financial_tmp_QA_dict_978
financial_tmp_QA_dict_485
financial_tmp_QA_dict_987
financial_tmp_QA_dict_1349
financial_tmp_QA_dict_1060
sale_tmp_QA_dict_9
dimension_metadata_612
financial_tmp_QA_dict_548
financial_tmp_QA_dict_833
sale_tmp_QA_dict_2
sale_tmp_QA_dict_65
financial_tmp_QA_dict_71
dimension_metadata_288
financial_tmp_QA_dict_1480
dimension_metadata_575
financial_tmp_QA_dict_865
financial_tmp_QA_dict_800
financial_tmp_QA_dict_459
financial_tmp_QA_dict_356
sale_tmp_QA_dict_57
financial_tmp_QA_dict_1528
dimension_metadata_638
financial_tmp_QA_dict_1203
dimension_metadata_378
dimension_metadata_110
financial_tmp_QA_dict_1
financial_tmp_QA_dict_351
financial_tmp_QA_dict_755
financial_tmp_QA_dict_586
dimension_metadata_248
financial_tmp_QA_dict_1351
financial_tmp_QA_dict_60
financial_tmp_QA_dict_795
financial_tmp_QA_dict_562
financial_tmp_QA_dict_68
financial_tmp_QA_dict_953
financial_tmp_QA_dict_1350
financial_tmp_QA_dict_133
financial_tmp_QA_dict_494
financial_tmp_QA_dict_1307
financial_tmp_QA_dict_484
financial_tmp_QA_dict_127
financial_tmp_QA_dict_775
financial_tmp_QA_dict_1522
dimension_metadata_557
financial_tmp_QA_dict_488
sale_tmp_QA_dict_22
financial_tmp_QA_dict_1474
dimension_metadata_486
dimension_metadata_478
financial_tmp_QA_list_26
dimension_metadata_607
financial_tmp_QA_dict_1138
dimension_metadata_373
financial_tmp_QA_dict_431
financial_tmp_QA_dict_1031
dimension_metadata_480
financial_tmp_QA_dict_166
financial_tmp_QA_dict_1174
financial_tmp_QA_dict_108
dimension_metadata_187
financial_tmp_QA_dict_731
financial_tmp_QA_dict_1302
financial_tmp_QA_dict_147
dimension_metadata_708
financial_tmp_QA_dict_693
financial_tmp_QA_dict_170
dimension_metadata_53
dimension_metadata_447
financial_tmp_QA_dict_381
dimension_metadata_710
dimension_metadata_420
financial_tmp_QA_dict_868
dimension_metadata_438
financial_tmp_QA_dict_579
financial_tmp_QA_list_35
financial_tmp_QA_dict_1515
dimension_metadata_157
financial_tmp_QA_dict_1039
dimension_metadata_472
financial_tmp_QA_dict_691
financial_tmp_replacing_45
financial_tmp_QA_dict_273
financial_tmp_QA_dict_1374
financial_tmp_QA_dict_509
financial_tmp_QA_dict_138
financial_tmp_QA_dict_1283
dimension_metadata_275
financial_tmp_QA_dict_103
financial_tmp_QA_dict_1412
financial_tmp_QA_dict_1479
financial_tmp_QA_dict_165
financial_tmp_QA_dict_967
dimension_metadata_159
dimension_metadata_160
dimension_metadata_596
dimension_metadata_79
financial_tmp_QA_dict_1061
dimension_metadata_598
dimension_metadata_255
dimension_metadata_312
sale_tmp_QA_dict_70
financial_tmp_QA_dict_380
financial_tmp_QA_dict_1348
financial_tmp_QA_dict_844
financial_tmp_QA_dict_1090
dimension_metadata_161
financial_tmp_QA_dict_157
financial_tmp_QA_dict_1360
dimension_metadata_502
dimension_metadata_496
financial_tmp_QA_dict_1065
financial_tmp_QA_dict_275
financial_tmp_QA_dict_1462
financial_tmp_QA_dict_115
financial_tmp_QA_dict_1460
financial_tmp_QA_dict_1509
financial_tmp_QA_dict_407
dimension_metadata_641
sale_tmp_QA_dict_51
financial_tmp_QA_dict_1320
dimension_metadata_202
dimension_metadata_470
financial_tmp_QA_dict_563
dimension_metadata_189
financial_tmp_QA_dict_927
financial_tmp_QA_dict_852
financial_tmp_QA_dict_1328
financial_tmp_QA_dict_634
financial_tmp_QA_dict_1434
financial_tmp_QA_dict_1392
sale_tmp_QA_dict_6
financial_tmp_QA_dict_145
dimension_metadata_513
financial_tmp_QA_dict_1015
financial_tmp_QA_dict_160
financial_tmp_QA_dict_1344
financial_tmp_QA_dict_1409
financial_tmp_replacing_30
financial_tmp_QA_dict_737
financial_tmp_QA_dict_1194
financial_tmp_QA_dict_732
financial_tmp_QA_dict_1099
financial_tmp_QA_dict_492
financial_tmp_QA_dict_331
financial_tmp_QA_dict_1195
financial_tmp_QA_dict_1397
dimension_metadata_140
financial_tmp_QA_dict_1338
dimension_metadata_535
financial_tmp_QA_dict_1076
financial_tmp_QA_dict_183
financial_tmp_QA_dict_1411
financial_tmp_QA_dict_1108
financial_tmp_QA_list_23
dimension_metadata_290
financial_tmp_QA_list_17
financial_tmp_QA_dict_209
financial_tmp_QA_dict_1041
financial_tmp_QA_dict_614
dimension_metadata_485
financial_tmp_QA_dict_282
financial_tmp_QA_dict_945
dimension_metadata_2
financial_tmp_QA_dict_102
financial_tmp_QA_dict_1033
financial_tmp_QA_dict_818
financial_tmp_QA_dict_281
sale_tmp_QA_dict_17
financial_tmp_QA_dict_744
dimension_metadata_206
financial_tmp_QA_dict_105
dimension_metadata_600
financial_tmp_QA_list_4
dimension_metadata_522
financial_tmp_QA_dict_1192
financial_tmp_QA_list_38
financial_tmp_QA_dict_1188
financial_tmp_QA_dict_1390
sale_tmp_QA_dict_85
financial_tmp_QA_dict_812
dimension_metadata_432
financial_tmp_QA_dict_386
financial_tmp_QA_dict_1371
financial_tmp_QA_dict_636
financial_tmp_QA_dict_932
dimension_metadata_497
financial_tmp_QA_dict_735
dimension_metadata_468
financial_tmp_QA_list_9
financial_tmp_QA_dict_1304
financial_tmp_QA_dict_462
financial_tmp_QA_dict_971
financial_tmp_QA_dict_413
financial_tmp_QA_dict_1488
financial_tmp_QA_dict_1180
financial_tmp_QA_dict_1117
dimension_metadata_131
financial_tmp_QA_dict_824
financial_tmp_QA_dict_763
financial_tmp_replacing_5
financial_tmp_QA_dict_1179
sale_tmp_QA_dict_54
dimension_metadata_20
dimension_metadata_379
financial_tmp_QA_dict_1423
financial_tmp_QA_dict_1444
financial_tmp_QA_dict_361
financial_tmp_QA_dict_734
financial_tmp_QA_dict_48
financial_tmp_QA_dict_846
financial_tmp_QA_dict_1018
dimension_metadata_24
dimension_metadata_356
dimension_metadata_404
financial_tmp_QA_dict_869
financial_tmp_QA_dict_15
financial_tmp_QA_dict_916
financial_tmp_QA_dict_903
financial_tmp_QA_dict_288
dimension_metadata_500
financial_tmp_QA_dict_1136
financial_tmp_QA_dict_1089
financial_tmp_QA_dict_1177
financial_tmp_QA_dict_803
dimension_metadata_73
dimension_metadata_694
dimension_metadata_570
financial_tmp_QA_dict_1145
financial_tmp_QA_dict_685
financial_tmp_QA_dict_1227
sale_tmp_QA_dict_23
financial_tmp_QA_dict_867
financial_tmp_QA_list_47
financial_tmp_QA_dict_490
financial_tmp_QA_dict_1087
financial_tmp_QA_dict_1383
financial_tmp_replacing_18
dimension_metadata_77
financial_tmp_QA_dict_1217
financial_tmp_QA_dict_805
dimension_metadata_200
financial_tmp_QA_dict_1126
financial_tmp_QA_dict_1531
financial_tmp_QA_dict_1455
financial_tmp_QA_dict_1258
dimension_metadata_421
financial_tmp_QA_dict_1404
dimension_metadata_136
financial_tmp_QA_dict_1017
financial_tmp_QA_dict_368
financial_tmp_QA_dict_463
financial_tmp_QA_dict_284
financial_tmp_QA_dict_405
financial_tmp_QA_dict_1395
financial_tmp_QA_dict_584
financial_tmp_QA_dict_907
financial_tmp_QA_dict_866
dimension_metadata_699
financial_tmp_QA_dict_1220
financial_tmp_QA_dict_908
financial_tmp_QA_dict_799
dimension_metadata_606
financial_tmp_QA_dict_1256
financial_tmp_QA_dict_220
financial_tmp_QA_dict_237
financial_tmp_QA_dict_206
financial_tmp_QA_dict_52
financial_tmp_QA_dict_177
financial_tmp_QA_dict_1274
dimension_metadata_123
financial_tmp_QA_dict_813
dimension_metadata_101
dimension_metadata_460
dimension_metadata_358
sale_tmp_QA_dict_32
dimension_metadata_428
financial_tmp_QA_dict_337
financial_tmp_QA_dict_87
financial_tmp_QA_dict_946
financial_tmp_QA_dict_436
sale_tmp_QA_dict_16
financial_tmp_QA_dict_104
financial_tmp_QA_dict_135
financial_tmp_QA_dict_460
financial_tmp_QA_dict_905
financial_tmp_QA_dict_377
financial_tmp_QA_dict_1238
dimension_metadata_362
dimension_metadata_554
dimension_metadata_30
dimension_metadata_95
dimension_metadata_171
financial_tmp_QA_dict_427
financial_tmp_replacing_53
financial_tmp_QA_dict_96
dimension_metadata_673
financial_tmp_QA_dict_1042
financial_tmp_QA_dict_325
dimension_metadata_315
dimension_metadata_22
financial_tmp_QA_dict_594
dimension_metadata_300
financial_tmp_QA_dict_1202
financial_tmp_QA_dict_883
dimension_metadata_8
financial_tmp_QA_dict_218
financial_tmp_QA_dict_1161
dimension_metadata_369
insurance_tmp_QA_dict
financial_tmp_QA_dict_719
dimension_metadata_293
financial_tmp_QA_dict_1214
dimension_metadata_367
dimension_metadata_294
dimension_metadata_555
financial_tmp_QA_dict_1300
sale_tmp_QA_dict_43
dimension_metadata_633
dimension_metadata_291
financial_tmp_QA_dict_176
financial_tmp_QA_dict_1353
financial_tmp_QA_dict_528
dimension_metadata_113
dimension_metadata_11
financial_tmp_QA_dict_1116
financial_tmp_QA_dict_672
dimension_metadata_678
financial_tmp_QA_dict_1013
financial_tmp_QA_dict_376
dimension_metadata_640
dimension_metadata_121
financial_tmp_QA_dict_372
financial_tmp_QA_dict_1237
financial_tmp_QA_dict_332
financial_tmp_QA_dict_720
dimension_metadata_368
financial_tmp_QA_dict_715
financial_tmp_QA_dict_443
financial_tmp_QA_dict_1122
sale_tmp_QA_dict_19
financial_tmp_QA_dict_1310
financial_tmp_QA_dict_793
financial_tmp_QA_dict_762
dimension_metadata_85
financial_tmp_QA_dict_530
dimension_metadata_505
financial_tmp_QA_dict_888
sale_tmp_QA_dict_75
financial_tmp_QA_dict_730
financial_tmp_QA_dict_239
dimension_metadata_13
dimension_metadata_223
financial_tmp_QA_dict_1278
dimension_metadata_452
dimension_metadata_209
sale_tmp_replacing_2
dimension_metadata_118
financial_tmp_QA_dict_933
financial_tmp_QA_dict_1487
financial_tmp_QA_dict_1400
financial_tmp_QA_dict_452
dimension_metadata_584
financial_tmp_QA_dict_200
financial_tmp_QA_dict_264
dimension_metadata_98
financial_tmp_QA_dict_717
dimension_metadata_585
financial_tmp_QA_dict_984
dimension_metadata_84
financial_tmp_QA_dict_1467
financial_tmp_QA_dict_223
financial_tmp_QA_dict_1504
dimension_metadata_57
financial_tmp_QA_dict_626
financial_tmp_QA_dict_367
dimension_metadata_328
sale_tmp_QA_dict_25
financial_tmp_QA_list_3
financial_tmp_QA_dict_1062
dimension_metadata_158
financial_tmp_QA_dict_596
financial_tmp_QA_dict_1410
financial_tmp_QA_dict_1051
financial_tmp_QA_dict_1247
financial_tmp_QA_dict_698
financial_tmp_QA_dict_450
dimension_metadata_493
sale_tmp_QA_dict_1
financial_tmp_QA_dict_1165
financial_tmp_QA_dict_16
dimension_metadata_682
financial_tmp_QA_dict_76
financial_tmp_QA_dict_249
financial_tmp_QA_dict_1363
financial_tmp_QA_dict_513
financial_tmp_QA_dict_1490
dimension_metadata_327
financial_tmp_QA_dict_639
financial_tmp_QA_list_37
financial_tmp_QA_dict_602
financial_tmp_QA_dict_1123
financial_tmp_replacing_20
financial_tmp_QA_dict_374
financial_tmp_QA_dict_886
dimension_metadata_270
financial_tmp_QA_dict_1458
dimension_metadata_104
financial_tmp_QA_dict_514
dimension_metadata_192
financial_tmp_QA_dict_1151
dimension_metadata_405
financial_tmp_QA_dict_573
dimension_metadata_622
financial_tmp_QA_dict_758
financial_tmp_QA_list_12
dimension_metadata_75
dimension_metadata_264
financial_tmp_QA_dict_412
financial_tmp_replacing_15
financial_tmp_QA_dict_828
financial_tmp_QA_dict_205
financial_tmp_QA_dict_1104
financial_tmp_QA_dict_257
dimension_metadata_122
financial_tmp_QA_dict_46
dimension_metadata_109
dimension_metadata_626
financial_tmp_QA_dict_473
financial_tmp_QA_dict_390
sale_tmp_QA_dict_31
financial_tmp_QA_dict_894
sale_tmp_QA_dict_47
financial_tmp_QA_dict_1147
financial_tmp_QA_dict_88
financial_tmp_QA_dict_807
dimension_metadata_130
sale_tmp_QA_dict_50
dimension_metadata_499
dimension_metadata_127
financial_tmp_QA_dict_1199
dimension_metadata_690
dimension_metadata_464
financial_tmp_QA_dict_1425
financial_tmp_QA_dict_297
financial_tmp_QA_dict_835
dimension_metadata_253
dimension_metadata_449
dimension_metadata_422
financial_tmp_QA_dict_1059
financial_tmp_QA_dict_467
dimension_metadata_653
dimension_metadata_211
sale_tmp_QA_dict_42
financial_tmp_QA_dict_1255
dimension_metadata_618
financial_tmp_QA_dict_759
financial_tmp_QA_dict_8
financial_tmp_QA_dict_957
financial_tmp_QA_dict_247
financial_tmp_QA_dict_1162
financial_tmp_QA_dict_550
financial_tmp_QA_dict_393
financial_tmp_QA_dict_1275
financial_tmp_QA_dict_1445
financial_tmp_QA_dict_140
financial_tmp_QA_dict_778
financial_tmp_replacing_31
financial_tmp_QA_dict_546
financial_tmp_QA_dict_1321
sale_tmp_QA_list_1
dimension_metadata_393
financial_tmp_QA_dict_189
financial_tmp_QA_dict_1498
financial_tmp_replacing_52
dimension_metadata_446
financial_tmp_QA_dict_1225
dimension_metadata_345
dimension_metadata_697
financial_tmp_QA_dict_618
financial_tmp_replacing_2
dimension_metadata_9
financial_tmp_QA_dict_1449
sale_tmp_QA_dict_45
financial_tmp_QA_dict_323
dimension_metadata_608
financial_tmp_QA_dict_158
financial_tmp_QA_dict_1140
financial_tmp_QA_dict_1424
financial_tmp_replacing_1
financial_tmp_QA_dict_1489
dimension_metadata_644
financial_tmp_QA_dict_1105
financial_tmp_QA_dict_1022
financial_tmp_QA_dict_1082
financial_tmp_QA_dict_929
financial_tmp_QA_dict_1293
dimension_metadata_298
financial_tmp_QA_dict_1010
dimension_metadata_111
financial_tmp_QA_dict_1078
financial_tmp_QA_list_16
financial_tmp_QA_dict_622
financial_tmp_QA_dict_1413
financial_tmp_QA_dict_593
financial_tmp_QA_dict_1308
financial_tmp_replacing_16
financial_tmp_QA_dict_600
financial_tmp_QA_dict_497
financial_tmp_QA_dict_201
dimension_metadata_6
financial_tmp_QA_dict_743
dimension_metadata_297
financial_tmp_QA_dict_1329
financial_tmp_QA_dict_181
financial_tmp_QA_dict_1527
sale_tmp_QA_dict_73
dimension_metadata_28
dimension_metadata_659
financial_tmp_QA_dict_1219
financial_tmp_QA_dict_248
financial_tmp_QA_dict_59
financial_tmp_QA_dict_1036
dimension_metadata_286
dimension_metadata_662
financial_tmp_QA_dict_620
financial_tmp_QA_dict_1459
financial_tmp_QA_dict_1521
financial_tmp_QA_dict_151
dimension_metadata_151
financial_tmp_QA_dict_1092
financial_tmp_QA_dict_1160
financial_tmp_QA_dict_32
financial_tmp_QA_dict_371
financial_tmp_QA_dict_1236
financial_tmp_QA_dict_937
financial_tmp_QA_dict_1234
financial_tmp_QA_dict_920
financial_tmp_QA_dict_193
financial_tmp_QA_dict_595
financial_tmp_QA_dict_132
financial_tmp_QA_dict_1072
financial_tmp_QA_dict_493
financial_tmp_QA_dict_1208
dimension_metadata_551
financial_tmp_QA_dict_1112
financial_tmp_QA_dict_841
financial_tmp_QA_dict_292
dimension_metadata_670
financial_tmp_QA_dict_360
dimension_metadata_221
dimension_metadata_330
financial_tmp_QA_dict_825
sale_tmp_QA_dict_74
dimension_metadata_439
financial_tmp_QA_dict_203
financial_tmp_QA_dict_130
financial_tmp_QA_dict_56
financial_tmp_QA_dict_819
dimension_metadata_525
financial_tmp_QA_dict_5
financial_tmp_QA_dict_70
dimension_metadata_137
financial_tmp_QA_dict_29
financial_tmp_QA_dict_428
dimension_metadata_703
financial_tmp_QA_dict_1034
financial_tmp_QA_dict_1272
financial_tmp_QA_dict_1279
dimension_metadata_614
dimension_metadata_338
financial_tmp_QA_dict_603
financial_tmp_QA_dict_1086
financial_tmp_QA_dict_1198
financial_tmp_QA_dict_854
financial_tmp_QA_dict_465
financial_tmp_QA_dict_609
financial_tmp_QA_dict_955
financial_tmp_QA_dict_1101
dimension_metadata_566
financial_tmp_QA_dict_1259
financial_tmp_QA_dict_1543
financial_tmp_QA_dict_69
dimension_metadata_70
sale_tmp_QA_dict_81
sale_tmp_QA_dict_66
financial_tmp_QA_list_48
dimension_metadata_558
dimension_metadata_516
financial_tmp_QA_dict_75
financial_tmp_QA_dict_227
financial_tmp_QA_dict_235
financial_tmp_QA_dict_172
dimension_metadata_510
financial_tmp_QA_dict_1081
financial_tmp_QA_dict_510
financial_tmp_QA_dict_310
financial_tmp_QA_dict_86
dimension_metadata_119
financial_tmp_QA_dict_1025
financial_tmp_QA_dict_1373
financial_tmp_QA_dict_1276
financial_tmp_replacing_12
sale_tmp_QA_dict_84
financial_tmp_QA_dict_1084
financial_tmp_QA_dict_391
financial_tmp_QA_dict_814
financial_tmp_QA_dict_1292
dimension_metadata_372
financial_tmp_QA_dict_616
financial_tmp_QA_dict_415
financial_tmp_QA_dict_816
financial_tmp_QA_dict_55
dimension_metadata_623
financial_tmp_QA_dict_1537
dimension_metadata_526
financial_tmp_QA_dict_425
sale_tmp_replacing_keys
financial_tmp_QA_dict_1288
financial_tmp_QA_dict_512
financial_tmp_QA_dict_1532
sale_tmp_QA_dict_33
dimension_metadata_323
dimension_metadata_521
dimension_metadata_442
financial_tmp_QA_dict_466
dimension_metadata_62
financial_tmp_QA_dict_1436
financial_tmp_QA_dict_352
financial_tmp_QA_dict_1004
dimension_metadata_246
dimension_metadata_203
financial_tmp_QA_dict_621
financial_tmp_QA_dict_347
financial_tmp_QA_dict_416
financial_tmp_QA_dict_849
financial_tmp_QA_dict_6
financial_tmp_QA_dict_588
financial_tmp_QA_dict_1168
dimension_metadata_610
financial_tmp_QA_dict_97
dimension_metadata_213
dimension_metadata_363
financial_tmp_QA_dict_1284
financial_tmp_QA_dict_215
financial_tmp_QA_dict_1417
financial_tmp_QA_dict_311
dimension_metadata_228
dimension_metadata_459
financial_tmp_QA_dict_791
financial_tmp_QA_list_5
financial_tmp_QA_dict_175
sale_tmp_QA_dict_15
dimension_metadata_217
financial_tmp_QA_dict_1485
dimension_metadata_168
dimension_metadata_417
financial_tmp_QA_dict_783
financial_tmp_QA_dict_1389
financial_tmp_QA_dict_771
financial_tmp_QA_dict_664
financial_tmp_QA_dict_592
financial_tmp_QA_dict_121
financial_tmp_QA_dict_607
financial_tmp_QA_dict_1210
financial_tmp_QA_dict_525
financial_tmp_replacing_6
financial_tmp_QA_list_30
financial_tmp_QA_dict_856
sale_tmp_QA_list_4
financial_tmp_QA_dict_81
financial_tmp_QA_dict_302
financial_tmp_QA_dict_1257
dimension_metadata_94
financial_tmp_QA_dict_606
financial_tmp_QA_list_28
dimension_metadata_215
financial_tmp_QA_dict_808
dimension_metadata_80
financial_tmp_QA_dict_722
dimension_metadata_138
financial_tmp_QA_dict_1026
dimension_metadata_437
financial_tmp_QA_dict_836
financial_tmp_QA_dict_1518
dimension_metadata_411
sale_tmp_QA_list_3
financial_tmp_QA_dict_915
dimension_metadata_387
financial_tmp_QA_dict_269
dimension_metadata_400
financial_tmp_replacing_14
dimension_metadata_232
financial_tmp_QA_dict_857
financial_tmp_QA_dict_657
sale_tmp_QA_dict_21
sale_tmp_QA_dict_82
financial_tmp_QA_dict_1069
financial_tmp_QA_dict_858
dimension_metadata_374
financial_tmp_QA_dict_876
financial_tmp_QA_dict_855
financial_tmp_QA_dict_446
dimension_metadata_64
financial_tmp_QA_dict_194
financial_tmp_QA_dict_753
financial_tmp_QA_dict_583
dimension_metadata_210
financial_tmp_QA_dict_785
dimension_metadata_542
financial_tmp_QA_dict_1118
dimension_metadata_256
financial_tmp_QA_dict_34
financial_tmp_QA_dict_327
dimension_metadata_424
financial_tmp_QA_dict_624
dimension_metadata_12
financial_tmp_QA_dict_577
financial_tmp_QA_dict_829
financial_tmp_QA_dict_1306
financial_tmp_QA_dict_35
financial_tmp_QA_dict_1369
financial_tmp_QA_dict_1352
dimension_metadata_627
financial_tmp_QA_dict_1186
dimension_metadata_340
dimension_metadata_102
sale_tmp_QA_dict_69
dimension_metadata_257
dimension_metadata_576
dimension_metadata_234
dimension_metadata_679
financial_tmp_QA_dict_988
financial_tmp_QA_dict_1441
dimension_metadata_562
financial_tmp_QA_dict_211
financial_tmp_QA_dict_887
financial_tmp_QA_dict_92
financial_tmp_QA_dict_1071
financial_tmp_QA_dict_1418
financial_tmp_QA_list_42
financial_tmp_replacing_29
financial_tmp_QA_dict_1294
dimension_metadata_271
financial_tmp_QA_dict_1408
financial_tmp_QA_dict_1502
dimension_metadata_366
dimension_metadata_498
dimension_metadata_581
financial_tmp_QA_dict_552
dimension_metadata_597
financial_tmp_QA_dict_64
financial_tmp_QA_dict_958
dimension_metadata_431
financial_tmp_QA_dict_1103
financial_tmp_QA_dict_951
dimension_metadata_177
financial_tmp_QA_list_11
dimension_metadata_675
financial_tmp_QA_dict_258
dimension_metadata_414
financial_tmp_QA_dict_366
dimension_metadata_306
dimension_metadata_477
financial_tmp_QA_dict_1115
financial_tmp_QA_dict_1148
dimension_metadata_503
sale_tmp_QA_dict_11
dimension_metadata_78
financial_tmp_QA_dict_504
financial_tmp_QA_dict_1067
financial_tmp_QA_dict_1448
financial_tmp_QA_dict_1141
financial_tmp_QA_dict_1164
financial_tmp_QA_dict_1008
financial_tmp_QA_dict_789
dimension_metadata_269
financial_tmp_QA_dict_952
dimension_metadata_419
financial_tmp_QA_dict_999
dimension_metadata_672
dimension_metadata_646
financial_tmp_QA_dict_1139
financial_tmp_QA_dict_1483
financial_tmp_QA_dict_107
financial_tmp_QA_dict_913
financial_tmp_QA_dict_773
financial_tmp_QA_dict_1375
financial_tmp_QA_dict_1093
dimension_metadata_547
financial_tmp_QA_dict_392
financial_tmp_QA_dict_7
financial_tmp_QA_dict_959
sale_tmp_QA_dict_90
dimension_metadata_239
financial_tmp_QA_list_14
financial_tmp_QA_dict_873
dimension_metadata_193
dimension_metadata_105
financial_tmp_QA_dict_1391
financial_tmp_QA_dict_506
dimension_metadata_650
financial_tmp_QA_dict_533
dimension_metadata_242
financial_tmp_replacing_26
dimension_metadata_68
financial_tmp_QA_dict_909
dimension_metadata_46
financial_tmp_QA_list_36
dimension_metadata_15
financial_tmp_QA_dict_998
financial_tmp_QA_dict_1156
financial_tmp_QA_dict_89
dimension_metadata_45
financial_tmp_QA_dict_80
financial_tmp_QA_dict_1358
financial_tmp_QA_dict_328
dimension_metadata_133
dimension_metadata_398
financial_tmp_QA_dict_1405
financial_tmp_QA_dict_362
financial_tmp_QA_dict_1261
financial_tmp_QA_dict_1534
financial_tmp_QA_dict_1114
dimension_metadata_204
financial_tmp_QA_dict_906
financial_tmp_QA_dict_1098
dimension_metadata_335
financial_tmp_QA_dict_1324
dimension_metadata_709
financial_tmp_QA_dict_1178
financial_tmp_QA_dict_914
financial_tmp_QA_dict_162
financial_tmp_QA_dict_511
dimension_metadata_380
dimension_metadata_175
financial_tmp_QA_dict_976
financial_tmp_QA_dict_837
financial_tmp_replacing_34
financial_tmp_QA_dict_308
financial_tmp_QA_dict_433
financial_tmp_QA_dict_633
financial_tmp_QA_dict_1080
dimension_metadata_487
dimension_metadata_21
financial_tmp_QA_dict_224
financial_tmp_QA_dict_1158
sale_tmp_QA_dict_41
financial_tmp_QA_dict_879
dimension_metadata_63
financial_tmp_QA_dict_342
financial_tmp_QA_dict_1313
sale_tmp_QA_dict_92
dimension_metadata_685
financial_tmp_QA_dict_1079
financial_tmp_QA_dict_1252
dimension_metadata_343
financial_tmp_QA_dict_142
sale_tmp_QA_dict_93
dimension_metadata_135
sale_tmp_QA_dict_94
financial_tmp_QA_dict_949
financial_tmp_QA_dict_84
financial_tmp_QA_dict_1233
financial_tmp_QA_dict_931
financial_tmp_QA_dict_944
financial_tmp_QA_dict_438
dimension_metadata_165
dimension_metadata_265
financial_tmp_QA_dict_41
financial_tmp_QA_dict_748
financial_tmp_QA_dict_1154
financial_tmp_QA_dict_575
dimension_metadata_147
dimension_metadata_178
financial_tmp_QA_dict_675
dimension_metadata_620
dimension_metadata_587
financial_tmp_QA_dict_1035
financial_tmp_QA_dict_262
financial_tmp_QA_dict_1119
financial_tmp_QA_dict_668
dimension_metadata_214
financial_tmp_QA_dict_1253
financial_tmp_replacing_3
financial_tmp_QA_dict_648
financial_tmp_QA_dict_650
dimension_metadata_669
sale_tmp_QA_dict_78
financial_tmp_QA_dict_37
financial_tmp_QA_dict_649
financial_tmp_QA_dict_830
financial_tmp_QA_dict_770
financial_tmp_QA_dict_891
financial_tmp_QA_dict_143
financial_tmp_QA_dict_1021
dimension_metadata_434
financial_tmp_QA_dict_694
dimension_metadata_548
financial_tmp_QA_dict_19
financial_tmp_QA_dict_1184
financial_tmp_QA_dict_559
financial_tmp_QA_dict_740
financial_tmp_QA_dict_569
dimension_metadata_311
financial_tmp_QA_dict_447
sale_tmp_replacing_3
dimension_metadata_466
financial_tmp_QA_dict_268
financial_tmp_QA_dict_1280
financial_tmp_QA_dict_1254
financial_tmp_QA_dict_1088
financial_tmp_QA_dict_679
financial_tmp_QA_dict_303
financial_tmp_QA_list_54
financial_tmp_QA_dict_843
financial_tmp_QA_dict_503
financial_tmp_QA_dict_794
financial_tmp_QA_dict_632
financial_tmp_QA_dict_1027
financial_tmp_QA_dict_776
financial_tmp_QA_dict_414
financial_tmp_QA_dict_610
financial_tmp_QA_list_51
financial_tmp_QA_dict_826
financial_tmp_QA_dict_1402
financial_tmp_QA_dict_970
dimension_metadata_634
dimension_metadata_349
dimension_metadata_185
financial_tmp_QA_dict_417
financial_tmp_QA_dict_156
financial_tmp_QA_dict_260
financial_tmp_QA_dict_369
financial_tmp_QA_dict_1317
sale_tmp_QA_dict_26
financial_tmp_QA_dict_1416
financial_tmp_replacing_13
financial_tmp_QA_dict_1463
financial_tmp_QA_dict_591
dimension_metadata_583
financial_tmp_QA_dict_838
sale_tmp_QA_dict_35
financial_tmp_QA_dict_435
financial_tmp_QA_list_21
financial_tmp_QA_dict_65
financial_tmp_QA_dict_1382
financial_tmp_QA_dict_1166
dimension_metadata_713
financial_tmp_QA_dict_974
financial_tmp_QA_dict_1334
financial_tmp_QA_dict_118
financial_tmp_QA_dict_726
financial_tmp_QA_dict_1500
financial_tmp_QA_dict_972
dimension_metadata_92
financial_tmp_QA_dict_811
financial_tmp_QA_dict_619
financial_tmp_QA_dict_1046
financial_tmp_QA_dict_1297
dimension_metadata_60
financial_tmp_QA_dict_318
dimension_metadata_666
dimension_metadata_528
sale_tmp_QA_dict_14
financial_tmp_QA_dict_1121
financial_tmp_QA_dict_217
financial_tmp_QA_dict_834
dimension_metadata_1
dimension_metadata_518
financial_tmp_QA_dict_640
financial_tmp_QA_dict_930
financial_tmp_QA_dict_1097
dimension_metadata_475
dimension_metadata_408
financial_tmp_QA_dict_78
financial_tmp_QA_dict_1287
financial_tmp_QA_dict_948
dimension_metadata_244
financial_tmp_QA_dict_604
dimension_metadata_361
dimension_metadata_481
financial_tmp_QA_dict_973
financial_tmp_QA_dict_221
dimension_metadata_132
financial_tmp_QA_dict_420
financial_tmp_QA_dict_421
financial_tmp_QA_dict_1442
dimension_metadata_318
financial_tmp_QA_dict_58
dimension_metadata_148
dimension_metadata_313
dimension_metadata_305
dimension_metadata_648
sale_tmp_QA_dict_55
dimension_metadata_381
financial_tmp_QA_dict_864
financial_tmp_QA_dict_827
financial_tmp_QA_dict_806
financial_tmp_QA_dict_1231
financial_tmp_QA_dict_315
dimension_metadata_571
financial_tmp_QA_dict_1030
sale_tmp_QA_dict_0
dimension_metadata_629
financial_tmp_QA_list_33
financial_tmp_QA_dict_1085
dimension_metadata_553
financial_tmp_QA_dict_1511
dimension_metadata_116
financial_tmp_QA_dict_641
dimension_metadata_706
financial_tmp_QA_dict_1341
financial_tmp_QA_dict_733
dimension_metadata_72
financial_tmp_QA_dict_605
dimension_metadata_635
financial_tmp_QA_dict_727
financial_tmp_QA_dict_112
dimension_metadata_length
financial_tmp_QA_dict_1129
financial_tmp_QA_dict_1167
financial_tmp_QA_dict_1343
dimension_metadata_375
financial_tmp_QA_dict_642
financial_tmp_QA_dict_57
financial_tmp_QA_dict_1232
financial_tmp_QA_dict_1295
dimension_metadata_180
financial_tmp_QA_dict_935
financial_tmp_QA_dict_1539
dimension_metadata_126
dimension_metadata_389
financial_tmp_QA_dict_403
financial_tmp_QA_dict_1014
dimension_metadata_448
dimension_metadata_99
financial_tmp_QA_dict_540
financial_tmp_QA_dict_1381
dimension_metadata_207
financial_tmp_QA_dict_1325
financial_tmp_QA_dict_925
financial_tmp_QA_dict_784
financial_tmp_QA_dict_1143
financial_tmp_QA_dict_1206
financial_tmp_QA_dict_349
financial_tmp_QA_dict_1501
financial_tmp_QA_dict_13
financial_tmp_QA_dict_1301
dimension_metadata_645
dimension_metadata_93
financial_tmp_QA_dict_254
financial_tmp_QA_dict_27
financial_tmp_QA_dict_1311
financial_tmp_replacing_44
sale_tmp_QA_dict_36
financial_tmp_QA_dict_724
financial_tmp_replacing_27
financial_tmp_QA_dict_499
financial_tmp_QA_dict_1221
financial_tmp_QA_dict_1335
financial_tmp_QA_dict_1146
sale_tmp_QA_dict_67
financial_tmp_QA_dict_912
financial_tmp_QA_dict_1269
financial_tmp_QA_dict_699
financial_tmp_QA_dict_1070
financial_tmp_QA_dict_94
financial_tmp_QA_dict_1386
financial_tmp_QA_dict_274
financial_tmp_QA_dict_713
dimension_metadata_240
financial_tmp_QA_dict_394
dimension_metadata_506
financial_tmp_QA_dict_662
financial_tmp_QA_dict_396
dimension_metadata_501
dimension_metadata_630
financial_tmp_QA_dict_761
dimension_metadata_457
dimension_metadata_195
financial_tmp_QA_dict_1135
financial_tmp_QA_dict_169
financial_tmp_QA_dict_204
financial_tmp_QA_dict_683
financial_tmp_QA_dict_581
financial_tmp_QA_dict_1073
financial_tmp_QA_dict_993
financial_tmp_QA_dict_1327
dimension_metadata_331
dimension_metadata_565
financial_tmp_QA_dict_1028
financial_tmp_QA_dict_911
dimension_metadata_639
financial_tmp_QA_dict_1495
dimension_metadata_229
dimension_metadata_247
financial_tmp_QA_dict_936
dimension_metadata_164
financial_tmp_QA_dict_498
insurance_tmp_QA_list
dimension_metadata_56
financial_tmp_QA_dict_1229
financial_tmp_QA_list_31
financial_tmp_QA_dict_454
financial_tmp_QA_dict_475
financial_tmp_QA_dict_79
dimension_metadata_14
financial_tmp_QA_dict_382
financial_tmp_QA_dict_574
dimension_metadata_267
financial_tmp_QA_dict_301
financial_tmp_QA_dict_545
financial_tmp_QA_list_6
dimension_metadata_40
dimension_metadata_602
financial_tmp_QA_dict_1326
financial_tmp_QA_dict_95
financial_tmp_QA_dict_1149
financial_tmp_QA_dict_1362
financial_tmp_QA_dict_714
dimension_metadata_146
financial_tmp_QA_dict_1038
financial_tmp_QA_dict_439
dimension_metadata_89
dimension_metadata_38
dimension_metadata_427
financial_tmp_QA_dict_442
financial_tmp_QA_dict_1342
financial_tmp_QA_dict_947
financial_tmp_QA_dict_646
financial_tmp_QA_dict_255
financial_tmp_QA_dict_73
financial_tmp_QA_dict_893
financial_tmp_QA_dict_182
dimension_metadata_397
dimension_metadata_589
financial_tmp_QA_dict_353
dimension_metadata_106
financial_tmp_QA_dict_117
financial_tmp_QA_dict_872
financial_tmp_QA_dict_1100
dimension_metadata_409
financial_tmp_QA_dict_781
financial_tmp_QA_dict_30
financial_tmp_QA_dict_1530
financial_tmp_QA_dict_324
dimension_metadata_44
financial_tmp_QA_dict_340
sale_tmp_QA_dict_79
dimension_metadata_222
dimension_metadata_117
financial_tmp_QA_dict_259
financial_tmp_QA_dict_1461
dimension_metadata_628
financial_tmp_QA_dict_568
financial_tmp_QA_dict_1130
financial_tmp_QA_dict_1157
financial_tmp_QA_dict_1296
dimension_metadata_580
sale_tmp_QA_dict_34
financial_tmp_QA_dict_1243
financial_tmp_QA_dict_43
financial_tmp_replacing_38
dimension_metadata_237
financial_tmp_QA_dict_712
financial_tmp_QA_dict_1262
financial_tmp_QA_dict_0
dimension_metadata_484
financial_tmp_QA_dict_880
financial_tmp_QA_dict_676
financial_tmp_QA_dict_1456
dimension_metadata_698
dimension_metadata_263
financial_tmp_QA_dict_1016
financial_tmp_QA_dict_184
dimension_metadata_235
financial_tmp_QA_dict_1197
financial_tmp_QA_dict_1452
sale_tmp_QA_dict_38
dimension_metadata_534
financial_tmp_QA_dict_766
financial_tmp_QA_dict_1224
financial_tmp_QA_dict_300
financial_tmp_QA_dict_889
financial_tmp_QA_dict_1345
financial_tmp_QA_dict_326
financial_tmp_QA_dict_36
dimension_metadata_51
financial_tmp_QA_dict_404
financial_tmp_QA_list_27
financial_tmp_QA_dict_1476
financial_tmp_QA_dict_578
dimension_metadata_296
financial_tmp_QA_dict_1107
dimension_metadata_430
dimension_metadata_81
financial_tmp_QA_dict_934
financial_tmp_QA_dict_261
financial_tmp_QA_dict_418
dimension_metadata_260
financial_tmp_QA_dict_470
financial_tmp_QA_dict_26
financial_tmp_replacing_23
financial_tmp_QA_dict_1286
dimension_metadata_347
financial_tmp_QA_dict_1394
dimension_metadata_552
